2025/08/26 21:29:15 [warn] 1#1: conflicting server name "www.tyre-services.com.es.local" on 0.0.0.0:80, ignored
2025/08/26 21:29:15 [warn] 1#1: conflicting server name "tyre-services.com.fr.local" on 0.0.0.0:80, ignored
2025/08/26 21:29:15 [warn] 1#1: conflicting server name "www.tyre-services.com.fr.local" on 0.0.0.0:80, ignored
2025/08/26 21:29:15 [warn] 1#1: conflicting server name "tyre-services.com.en.local" on 0.0.0.0:80, ignored
2025/08/26 21:29:15 [warn] 1#1: conflicting server name "www.tyre-services.com.en.local" on 0.0.0.0:80, ignored
2025/08/26 21:29:15 [warn] 1#1: conflicting server name "www.tyre-services.com.es.local" on 0.0.0.0:80, ignored
2025/08/26 21:29:15 [warn] 1#1: conflicting server name "tyre-services.com.es.local" on 0.0.0.0:80, ignored
2025/08/26 21:29:15 [warn] 1#1: conflicting server name "www.tyre-services.com.es.local" on 0.0.0.0:80, ignored
2025/08/26 21:29:15 [notice] 1#1: using the "epoll" event method
2025/08/26 21:29:15 [notice] 1#1: nginx/1.29.1
2025/08/26 21:29:15 [notice] 1#1: built by gcc 14.2.0 (Alpine 14.2.0) 
2025/08/26 21:29:15 [notice] 1#1: OS: Linux 6.8.0-65-generic
2025/08/26 21:29:15 [notice] 1#1: getrlimit(RLIMIT_NOFILE): 1048576:1048576
2025/08/26 21:29:15 [notice] 1#1: start worker processes
2025/08/26 21:29:15 [notice] 1#1: start worker process 20
2025/08/26 21:29:15 [notice] 1#1: start worker process 21
2025/08/26 21:29:15 [notice] 1#1: start worker process 22
2025/08/26 21:29:15 [notice] 1#1: start worker process 23
2025/08/26 21:29:15 [notice] 1#1: start worker process 24
2025/08/26 21:29:15 [notice] 1#1: start worker process 25
2025/08/26 21:34:23 [notice] 1#1: signal 3 (SIGQUIT) received, shutting down
2025/08/26 21:34:23 [notice] 20#20: gracefully shutting down
2025/08/26 21:34:23 [notice] 22#22: gracefully shutting down
2025/08/26 21:34:23 [notice] 21#21: gracefully shutting down
2025/08/26 21:34:23 [notice] 22#22: exiting
2025/08/26 21:34:23 [notice] 21#21: exiting
2025/08/26 21:34:23 [notice] 20#20: exiting
2025/08/26 21:34:23 [notice] 25#25: gracefully shutting down
2025/08/26 21:34:23 [notice] 24#24: gracefully shutting down
2025/08/26 21:34:23 [notice] 24#24: exiting
2025/08/26 21:34:23 [notice] 25#25: exiting
2025/08/26 21:34:23 [notice] 23#23: gracefully shutting down
2025/08/26 21:34:23 [notice] 20#20: exit
2025/08/26 21:34:23 [notice] 24#24: exit
2025/08/26 21:34:23 [notice] 25#25: exit
2025/08/26 21:34:23 [notice] 21#21: exit
2025/08/26 21:34:23 [notice] 22#22: exit
2025/08/26 21:34:23 [notice] 23#23: exiting
2025/08/26 21:34:23 [notice] 23#23: exit
2025/08/26 21:34:23 [notice] 1#1: signal 17 (SIGCHLD) received from 25
2025/08/26 21:34:23 [notice] 1#1: worker process 25 exited with code 0
2025/08/26 21:34:23 [notice] 1#1: signal 29 (SIGIO) received
2025/08/26 21:34:23 [notice] 1#1: signal 17 (SIGCHLD) received from 20
2025/08/26 21:34:23 [notice] 1#1: worker process 20 exited with code 0
2025/08/26 21:34:23 [notice] 1#1: signal 29 (SIGIO) received
2025/08/26 21:34:23 [notice] 1#1: signal 17 (SIGCHLD) received from 23
2025/08/26 21:34:23 [notice] 1#1: worker process 23 exited with code 0
2025/08/26 21:34:23 [notice] 1#1: signal 29 (SIGIO) received
2025/08/26 21:34:23 [notice] 1#1: signal 17 (SIGCHLD) received from 21
2025/08/26 21:34:23 [notice] 1#1: worker process 21 exited with code 0
2025/08/26 21:34:23 [notice] 1#1: worker process 22 exited with code 0
2025/08/26 21:34:23 [notice] 1#1: signal 17 (SIGCHLD) received from 22
2025/08/26 21:34:23 [notice] 1#1: worker process 24 exited with code 0
2025/08/26 21:34:23 [notice] 1#1: exit
2025/08/26 21:34:25 [warn] 1#1: conflicting server name "www.tyre-services.com.es.local" on 0.0.0.0:80, ignored
2025/08/26 21:34:25 [warn] 1#1: conflicting server name "tyre-services.com.fr.local" on 0.0.0.0:80, ignored
2025/08/26 21:34:25 [warn] 1#1: conflicting server name "www.tyre-services.com.fr.local" on 0.0.0.0:80, ignored
2025/08/26 21:34:25 [warn] 1#1: conflicting server name "tyre-services.com.en.local" on 0.0.0.0:80, ignored
2025/08/26 21:34:25 [warn] 1#1: conflicting server name "www.tyre-services.com.en.local" on 0.0.0.0:80, ignored
2025/08/26 21:34:25 [warn] 1#1: conflicting server name "www.tyre-services.com.es.local" on 0.0.0.0:80, ignored
2025/08/26 21:34:25 [warn] 1#1: conflicting server name "tyre-services.com.es.local" on 0.0.0.0:80, ignored
2025/08/26 21:34:25 [warn] 1#1: conflicting server name "www.tyre-services.com.es.local" on 0.0.0.0:80, ignored
2025/08/26 21:34:25 [notice] 1#1: using the "epoll" event method
2025/08/26 21:34:25 [notice] 1#1: nginx/1.29.1
2025/08/26 21:34:25 [notice] 1#1: built by gcc 14.2.0 (Alpine 14.2.0) 
2025/08/26 21:34:25 [notice] 1#1: OS: Linux 6.8.0-65-generic
2025/08/26 21:34:25 [notice] 1#1: getrlimit(RLIMIT_NOFILE): 1048576:1048576
2025/08/26 21:34:25 [notice] 1#1: start worker processes
2025/08/26 21:34:25 [notice] 1#1: start worker process 20
2025/08/26 21:34:25 [notice] 1#1: start worker process 21
2025/08/26 21:34:25 [notice] 1#1: start worker process 22
2025/08/26 21:34:25 [notice] 1#1: start worker process 23
2025/08/26 21:34:25 [notice] 1#1: start worker process 24
2025/08/26 21:34:25 [notice] 1#1: start worker process 25
2025/08/26 23:17:41 [notice] 1#1: signal 3 (SIGQUIT) received, shutting down
2025/08/26 23:17:41 [notice] 20#20: gracefully shutting down
2025/08/26 23:17:41 [notice] 21#21: gracefully shutting down
2025/08/26 23:17:41 [notice] 21#21: exiting
2025/08/26 23:17:41 [notice] 20#20: exiting
2025/08/26 23:17:41 [notice] 20#20: exit
2025/08/26 23:17:41 [notice] 21#21: exit
2025/08/26 23:17:41 [notice] 22#22: gracefully shutting down
2025/08/26 23:17:41 [notice] 23#23: gracefully shutting down
2025/08/26 23:17:41 [notice] 22#22: exiting
2025/08/26 23:17:41 [notice] 24#24: gracefully shutting down
2025/08/26 23:17:41 [notice] 22#22: exit
2025/08/26 23:17:41 [notice] 24#24: exiting
2025/08/26 23:17:41 [notice] 23#23: exiting
2025/08/26 23:17:41 [notice] 24#24: exit
2025/08/26 23:17:41 [notice] 23#23: exit
2025/08/26 23:17:41 [notice] 25#25: gracefully shutting down
2025/08/26 23:17:41 [notice] 25#25: exiting
2025/08/26 23:17:41 [notice] 25#25: exit
2025/08/26 23:17:41 [notice] 1#1: signal 17 (SIGCHLD) received from 23
2025/08/26 23:17:41 [notice] 1#1: worker process 22 exited with code 0
2025/08/26 23:17:41 [notice] 1#1: worker process 23 exited with code 0
2025/08/26 23:17:41 [notice] 1#1: worker process 24 exited with code 0
2025/08/26 23:17:41 [notice] 1#1: worker process 25 exited with code 0
2025/08/26 23:17:41 [notice] 1#1: signal 29 (SIGIO) received
2025/08/26 23:17:41 [notice] 1#1: signal 17 (SIGCHLD) received from 21
2025/08/26 23:17:41 [notice] 1#1: worker process 21 exited with code 0
2025/08/26 23:17:41 [notice] 1#1: signal 29 (SIGIO) received
2025/08/26 23:17:41 [notice] 1#1: signal 17 (SIGCHLD) received from 20
2025/08/26 23:17:41 [notice] 1#1: worker process 20 exited with code 0
2025/08/26 23:17:41 [notice] 1#1: exit
2025/08/27 19:07:58 [emerg] 1#1: host not found in upstream "php" in /etc/nginx/conf.d/nginx.conf:64
2025/08/27 19:08:04 [emerg] 1#1: host not found in upstream "php" in /etc/nginx/conf.d/nginx.conf:64
2025/08/27 19:08:10 [emerg] 1#1: host not found in upstream "php" in /etc/nginx/conf.d/nginx.conf:64
2025/08/27 19:08:15 [emerg] 1#1: host not found in upstream "php" in /etc/nginx/conf.d/nginx.conf:64
2025/08/27 19:08:09 [emerg] 1#1: host not found in upstream "php" in /etc/nginx/conf.d/nginx.conf:64
2025/08/27 19:08:16 [emerg] 1#1: host not found in upstream "php" in /etc/nginx/conf.d/nginx.conf:64
2025/08/27 19:08:25 [emerg] 1#1: host not found in upstream "php" in /etc/nginx/conf.d/nginx.conf:64
2025/08/27 19:08:36 [emerg] 1#1: host not found in upstream "php" in /etc/nginx/conf.d/nginx.conf:64
2025/08/27 19:08:55 [emerg] 1#1: host not found in upstream "php" in /etc/nginx/conf.d/nginx.conf:64
2025/08/27 19:09:26 [emerg] 1#1: host not found in upstream "php" in /etc/nginx/conf.d/nginx.conf:64
2025/08/27 19:10:22 [emerg] 1#1: host not found in upstream "php" in /etc/nginx/conf.d/nginx.conf:64
2025/08/27 19:11:28 [emerg] 1#1: host not found in upstream "php" in /etc/nginx/conf.d/nginx.conf:64
2025/08/27 19:12:33 [emerg] 1#1: host not found in upstream "php" in /etc/nginx/conf.d/nginx.conf:64
2025/08/27 19:13:39 [warn] 1#1: conflicting server name "www.tyre-services.com.es.local" on 0.0.0.0:80, ignored
2025/08/27 19:13:39 [warn] 1#1: conflicting server name "tyre-services.com.fr.local" on 0.0.0.0:80, ignored
2025/08/27 19:13:39 [warn] 1#1: conflicting server name "www.tyre-services.com.fr.local" on 0.0.0.0:80, ignored
2025/08/27 19:13:39 [warn] 1#1: conflicting server name "tyre-services.com.en.local" on 0.0.0.0:80, ignored
2025/08/27 19:13:39 [warn] 1#1: conflicting server name "www.tyre-services.com.en.local" on 0.0.0.0:80, ignored
2025/08/27 19:13:39 [warn] 1#1: conflicting server name "www.tyre-services.com.es.local" on 0.0.0.0:80, ignored
2025/08/27 19:13:39 [warn] 1#1: conflicting server name "tyre-services.com.es.local" on 0.0.0.0:80, ignored
2025/08/27 19:13:39 [warn] 1#1: conflicting server name "www.tyre-services.com.es.local" on 0.0.0.0:80, ignored
2025/08/27 19:13:39 [notice] 1#1: using the "epoll" event method
2025/08/27 19:13:39 [notice] 1#1: nginx/1.29.1
2025/08/27 19:13:39 [notice] 1#1: built by gcc 14.2.0 (Alpine 14.2.0) 
2025/08/27 19:13:39 [notice] 1#1: OS: Linux 6.8.0-65-generic
2025/08/27 19:13:39 [notice] 1#1: getrlimit(RLIMIT_NOFILE): 1048576:1048576
2025/08/27 19:13:39 [notice] 1#1: start worker processes
2025/08/27 19:13:39 [notice] 1#1: start worker process 20
2025/08/27 19:13:39 [notice] 1#1: start worker process 21
2025/08/27 19:13:39 [notice] 1#1: start worker process 22
2025/08/27 19:13:39 [notice] 1#1: start worker process 23
2025/08/27 19:13:39 [notice] 1#1: start worker process 24
2025/08/27 19:13:39 [notice] 1#1: start worker process 25
2025/08/27 19:14:48 [notice] 1#1: signal 3 (SIGQUIT) received, shutting down
2025/08/27 19:14:48 [notice] 22#22: gracefully shutting down
2025/08/27 19:14:48 [notice] 20#20: gracefully shutting down
2025/08/27 19:14:48 [notice] 20#20: exiting
2025/08/27 19:14:48 [notice] 23#23: gracefully shutting down
2025/08/27 19:14:48 [notice] 23#23: exiting
2025/08/27 19:14:48 [notice] 22#22: exiting
2025/08/27 19:14:48 [notice] 21#21: gracefully shutting down
2025/08/27 19:14:48 [notice] 23#23: exit
2025/08/27 19:14:48 [notice] 22#22: exit
2025/08/27 19:14:48 [notice] 20#20: exit
2025/08/27 19:14:48 [notice] 24#24: gracefully shutting down
2025/08/27 19:14:48 [notice] 24#24: exiting
2025/08/27 19:14:48 [notice] 25#25: gracefully shutting down
2025/08/27 19:14:48 [notice] 25#25: exiting
2025/08/27 19:14:48 [notice] 24#24: exit
2025/08/27 19:14:48 [notice] 25#25: exit
2025/08/27 19:14:48 [error] 21#21: *1 recv() failed (104: Connection reset by peer) while reading response header from upstream, client: 172.18.0.1, server: tyre-services.com.fr.local, request: "GET /ai HTTP/1.1", upstream: "fastcgi://172.18.0.5:9000", host: "localhost"
2025/08/27 19:14:48 [notice] 21#21: exiting
2025/08/27 19:14:48 [notice] 21#21: exit
2025/08/27 19:14:48 [notice] 1#1: signal 17 (SIGCHLD) received from 22
2025/08/27 19:14:48 [notice] 1#1: worker process 22 exited with code 0
2025/08/27 19:14:48 [notice] 1#1: signal 29 (SIGIO) received
2025/08/27 19:14:48 [notice] 1#1: signal 17 (SIGCHLD) received from 20
2025/08/27 19:14:48 [notice] 1#1: worker process 20 exited with code 0
2025/08/27 19:14:48 [notice] 1#1: signal 29 (SIGIO) received
2025/08/27 19:14:48 [notice] 1#1: signal 17 (SIGCHLD) received from 25
2025/08/27 19:14:48 [notice] 1#1: worker process 25 exited with code 0
2025/08/27 19:14:48 [notice] 1#1: signal 29 (SIGIO) received
2025/08/27 19:14:48 [notice] 1#1: signal 17 (SIGCHLD) received from 23
2025/08/27 19:14:48 [notice] 1#1: worker process 23 exited with code 0
2025/08/27 19:14:48 [notice] 1#1: worker process 24 exited with code 0
2025/08/27 19:14:48 [notice] 1#1: signal 29 (SIGIO) received
2025/08/27 19:14:48 [notice] 1#1: signal 17 (SIGCHLD) received from 21
2025/08/27 19:14:48 [notice] 1#1: worker process 21 exited with code 0
2025/08/27 19:14:48 [notice] 1#1: exit
2025/08/27 19:15:41 [warn] 1#1: conflicting server name "www.tyre-services.com.es.local" on 0.0.0.0:80, ignored
2025/08/27 19:15:41 [warn] 1#1: conflicting server name "tyre-services.com.fr.local" on 0.0.0.0:80, ignored
2025/08/27 19:15:41 [warn] 1#1: conflicting server name "www.tyre-services.com.fr.local" on 0.0.0.0:80, ignored
2025/08/27 19:15:41 [warn] 1#1: conflicting server name "tyre-services.com.en.local" on 0.0.0.0:80, ignored
2025/08/27 19:15:41 [warn] 1#1: conflicting server name "www.tyre-services.com.en.local" on 0.0.0.0:80, ignored
2025/08/27 19:15:41 [warn] 1#1: conflicting server name "www.tyre-services.com.es.local" on 0.0.0.0:80, ignored
2025/08/27 19:15:41 [warn] 1#1: conflicting server name "tyre-services.com.es.local" on 0.0.0.0:80, ignored
2025/08/27 19:15:41 [warn] 1#1: conflicting server name "www.tyre-services.com.es.local" on 0.0.0.0:80, ignored
2025/08/27 19:15:41 [notice] 1#1: using the "epoll" event method
2025/08/27 19:15:41 [notice] 1#1: nginx/1.29.1
2025/08/27 19:15:41 [notice] 1#1: built by gcc 14.2.0 (Alpine 14.2.0) 
2025/08/27 19:15:41 [notice] 1#1: OS: Linux 6.8.0-65-generic
2025/08/27 19:15:41 [notice] 1#1: getrlimit(RLIMIT_NOFILE): 1048576:1048576
2025/08/27 19:15:41 [notice] 1#1: start worker processes
2025/08/27 19:15:41 [notice] 1#1: start worker process 20
2025/08/27 19:15:41 [notice] 1#1: start worker process 21
2025/08/27 19:15:41 [notice] 1#1: start worker process 22
2025/08/27 19:15:41 [notice] 1#1: start worker process 23
2025/08/27 19:15:41 [notice] 1#1: start worker process 24
2025/08/27 19:15:41 [notice] 1#1: start worker process 25
2025/08/27 23:02:57 [warn] 1#1: conflicting server name "www.tyre-services.com.es.local" on 0.0.0.0:80, ignored
2025/08/27 23:02:57 [warn] 1#1: conflicting server name "tyre-services.com.fr.local" on 0.0.0.0:80, ignored
2025/08/27 23:02:57 [warn] 1#1: conflicting server name "www.tyre-services.com.fr.local" on 0.0.0.0:80, ignored
2025/08/27 23:02:57 [warn] 1#1: conflicting server name "tyre-services.com.en.local" on 0.0.0.0:80, ignored
2025/08/27 23:02:57 [warn] 1#1: conflicting server name "www.tyre-services.com.en.local" on 0.0.0.0:80, ignored
2025/08/27 23:02:57 [warn] 1#1: conflicting server name "www.tyre-services.com.es.local" on 0.0.0.0:80, ignored
2025/08/27 23:02:57 [warn] 1#1: conflicting server name "tyre-services.com.es.local" on 0.0.0.0:80, ignored
2025/08/27 23:02:57 [warn] 1#1: conflicting server name "www.tyre-services.com.es.local" on 0.0.0.0:80, ignored
2025/08/27 23:02:57 [notice] 1#1: using the "epoll" event method
2025/08/27 23:02:57 [notice] 1#1: nginx/1.29.1
2025/08/27 23:02:57 [notice] 1#1: built by gcc 14.2.0 (Alpine 14.2.0) 
2025/08/27 23:02:57 [notice] 1#1: OS: Linux 6.10.14-linuxkit
2025/08/27 23:02:57 [notice] 1#1: getrlimit(RLIMIT_NOFILE): 1048576:1048576
2025/08/27 23:02:57 [notice] 1#1: start worker processes
2025/08/27 23:02:57 [notice] 1#1: start worker process 20
2025/08/27 23:02:57 [notice] 1#1: start worker process 21
2025/08/27 23:02:57 [notice] 1#1: start worker process 22
2025/08/27 23:02:57 [notice] 1#1: start worker process 23
2025/08/27 23:02:57 [notice] 1#1: start worker process 24
2025/08/27 23:02:57 [notice] 1#1: start worker process 25
2025/08/27 23:02:57 [notice] 1#1: start worker process 26
2025/08/27 23:02:57 [notice] 1#1: start worker process 27
2025/08/27 23:02:57 [notice] 1#1: start worker process 28
2025/08/27 23:02:57 [notice] 1#1: start worker process 29
2025/08/27 23:02:57 [notice] 1#1: start worker process 30
2025/08/27 23:02:57 [notice] 1#1: start worker process 31
2025/08/27 23:02:57 [notice] 1#1: start worker process 32
2025/08/27 23:02:57 [notice] 1#1: start worker process 33
2025/08/27 23:02:57 [notice] 1#1: start worker process 34
2025/08/27 23:02:57 [notice] 1#1: start worker process 35
2025/08/28 21:15:35 [emerg] 1#1: host not found in upstream "php" in /etc/nginx/conf.d/nginx.conf:64
2025/08/28 21:15:43 [emerg] 1#1: host not found in upstream "php" in /etc/nginx/conf.d/nginx.conf:64
2025/08/28 21:15:50 [warn] 1#1: conflicting server name "www.tyre-services.com.es.local" on 0.0.0.0:80, ignored
2025/08/28 21:15:50 [warn] 1#1: conflicting server name "tyre-services.com.fr.local" on 0.0.0.0:80, ignored
2025/08/28 21:15:50 [warn] 1#1: conflicting server name "www.tyre-services.com.fr.local" on 0.0.0.0:80, ignored
2025/08/28 21:15:50 [warn] 1#1: conflicting server name "tyre-services.com.en.local" on 0.0.0.0:80, ignored
2025/08/28 21:15:50 [warn] 1#1: conflicting server name "www.tyre-services.com.en.local" on 0.0.0.0:80, ignored
2025/08/28 21:15:50 [warn] 1#1: conflicting server name "www.tyre-services.com.es.local" on 0.0.0.0:80, ignored
2025/08/28 21:15:50 [warn] 1#1: conflicting server name "tyre-services.com.es.local" on 0.0.0.0:80, ignored
2025/08/28 21:15:50 [warn] 1#1: conflicting server name "www.tyre-services.com.es.local" on 0.0.0.0:80, ignored
2025/08/28 21:15:50 [notice] 1#1: using the "epoll" event method
2025/08/28 21:15:50 [notice] 1#1: nginx/1.29.1
2025/08/28 21:15:50 [notice] 1#1: built by gcc 14.2.0 (Alpine 14.2.0) 
2025/08/28 21:15:50 [notice] 1#1: OS: Linux 6.10.14-linuxkit
2025/08/28 21:15:50 [notice] 1#1: getrlimit(RLIMIT_NOFILE): 1048576:1048576
2025/08/28 21:15:50 [notice] 1#1: start worker processes
2025/08/28 21:15:50 [notice] 1#1: start worker process 20
2025/08/28 21:15:50 [notice] 1#1: start worker process 21
2025/08/28 21:15:50 [notice] 1#1: start worker process 22
2025/08/28 21:15:50 [notice] 1#1: start worker process 23
2025/08/28 21:15:50 [notice] 1#1: start worker process 24
2025/08/28 21:15:50 [notice] 1#1: start worker process 25
2025/08/28 21:15:50 [notice] 1#1: start worker process 26
2025/08/28 21:15:50 [notice] 1#1: start worker process 27
2025/08/28 21:15:50 [notice] 1#1: start worker process 28
2025/08/28 21:15:50 [notice] 1#1: start worker process 29
2025/08/28 21:15:50 [notice] 1#1: start worker process 30
2025/08/28 21:15:50 [notice] 1#1: start worker process 31
2025/08/28 21:15:50 [notice] 1#1: start worker process 32
2025/08/28 21:15:50 [notice] 1#1: start worker process 33
2025/08/28 21:15:50 [notice] 1#1: start worker process 34
2025/08/28 21:15:50 [notice] 1#1: start worker process 35
